<?xml version="1.0" encoding="UTF-8"?>
<!-- Generated by org.testng.reporters.JUnitXMLReporter -->
<testsuite ignored="5" hostname="DESKTOP-FJF88A9" failures="1" tests="4" name="Test(failed)" time="51.898" errors="0" timestamp="2025-07-06T09:36:28 IST">
  <testcase classname="test.TC007_VerifyNavigation" name="@BeforeMethod methodsetup" time="22.302">
    <failure type="org.openqa.selenium.TimeoutException" message="Expected condition failed: waiting for invisibility of [[ChromeDriver: chrome on windows (305b533e8666bd653253f6ff5571720b)] -&amp;gt; id: loginusername] (tried for 20 second(s) with 500 milliseconds interval)
Build info: version: &amp;apos;4.33.0&amp;apos;, revision: &amp;apos;2c6aaad03a&amp;apos;
System info: os.name: &amp;apos;Windows 10&amp;apos;, os.arch: &amp;apos;amd64&amp;apos;, os.version: &amp;apos;10.0&amp;apos;, java.version: &amp;apos;21.0.6&amp;apos;
Driver info: org.openqa.selenium.chrome.ChromeDriver
Capabilities {acceptInsecureCerts: false, browserName: chrome, browserVersion: 138.0.7204.96, chrome: {chromedriverVersion: 138.0.7204.92 (f079b9bc781e..., userDataDir: C:\Users\HOME\AppData\Local...}, fedcm:accounts: true, goog:chromeOptions: {debuggerAddress: localhost:56982}, networkConnectionEnabled: false, pageLoadStrategy: normal, platformName: windows, proxy: Proxy(), se:cdp: ws://localhost:56982/devtoo..., se:cdpVersion: 138.0.7204.96, setWindowRect: true, strictFileInteractability: false, timeouts: {implicit: 0, pageLoad: 300000, script: 30000}, unhandledPromptBehavior: dismiss and notify, webauthn:extension:credBlob: true, webauthn:extension:largeBlob: true, webauthn:extension:minPinLength: true, webauthn:extension:prf: true, webauthn:virtualAuthenticators: true}
Session ID: 305b533e8666bd653253f6ff5571720b">
      <![CDATA[org.openqa.selenium.TimeoutException: Expected condition failed: waiting for invisibility of [[ChromeDriver: chrome on windows (305b533e8666bd653253f6ff5571720b)] -> id: loginusername] (tried for 20 second(s) with 500 milliseconds interval)
Build info: version: '4.33.0', revision: '2c6aaad03a'
System info: os.name: 'Windows 10', os.arch: 'amd64', os.version: '10.0', java.version: '21.0.6'
Driver info: org.openqa.selenium.chrome.ChromeDriver
Capabilities {acceptInsecureCerts: false, browserName: chrome, browserVersion: 138.0.7204.96, chrome: {chromedriverVersion: 138.0.7204.92 (f079b9bc781e..., userDataDir: C:\Users\HOME\AppData\Local...}, fedcm:accounts: true, goog:chromeOptions: {debuggerAddress: localhost:56982}, networkConnectionEnabled: false, pageLoadStrategy: normal, platformName: windows, proxy: Proxy(), se:cdp: ws://localhost:56982/devtoo..., se:cdpVersion: 138.0.7204.96, setWindowRect: true, strictFileInteractability: false, timeouts: {implicit: 0, pageLoad: 300000, script: 30000}, unhandledPromptBehavior: dismiss and notify, webauthn:extension:credBlob: true, webauthn:extension:largeBlob: true, webauthn:extension:minPinLength: true, webauthn:extension:prf: true, webauthn:virtualAuthenticators: true}
Session ID: 305b533e8666bd653253f6ff5571720b
at org.openqa.selenium.support.ui.WebDriverWait.timeoutException(WebDriverWait.java:84)
at org.openqa.selenium.support.ui.FluentWait.until(FluentWait.java:228)
at test.TC007_VerifyNavigation.methodsetup(TC007_VerifyNavigation.java:33)
at java.base/java.util.ArrayList.forEach(ArrayList.java:1596)
... Removed 29 stack frames]]>
    </failure>
  </testcase> <!-- @BeforeMethod methodsetup -->
  <testcase classname="baseTest.BaseTest" name="@AfterClass teardown" time="0.0">
    <skipped/>
  </testcase> <!-- @AfterClass teardown -->
  <testcase classname="test.TC005_CategoryProducttest" name="verify_Monitors" time="0.592">
    <failure type="java.lang.AssertionError" message="Sets differ: expected [Apple monitor 24, ASUS Full HD] but got [HTC One M9, Iphone 6 32gb, Nexus 6, Nokia lumia 1520, Sony xperia z5, Sony vaio i7, Sony vaio i5, Samsung galaxy s7, Samsung galaxy s6]">
      <![CDATA[java.lang.AssertionError: Sets differ: expected [Apple monitor 24, ASUS Full HD] but got [HTC One M9, Iphone 6 32gb, Nexus 6, Nokia lumia 1520, Sony xperia z5, Sony vaio i7, Sony vaio i5, Samsung galaxy s7, Samsung galaxy s6]
at test.TC005_CategoryProducttest.verify_Monitors(TC005_CategoryProducttest.java:123)
at java.base/java.util.ArrayList.forEach(ArrayList.java:1596)
... Removed 28 stack frames]]>
    </failure>
  </testcase> <!-- verify_Monitors -->
  <testcase classname="test.TC008_UIUXTesting" name="verify_yy" time="5.733"/>
  <testcase classname="test.TC006_Viewproductdetails" name="verify_productDetails" time="4.773"/>
  <testcase classname="test.TC007_VerifyNavigation" name="verify_navg" time="0.0">
    <skipped/>
  </testcase> <!-- verify_navg -->
  <testcase classname="test.TC007_VerifyNavigation" name="verify_home" time="0.0">
    <ignored/>
  </testcase> <!-- verify_home -->
  <testcase classname="test.TC005_CategoryProducttest" name="verify_laptop" time="0.0">
    <ignored/>
  </testcase> <!-- verify_laptop -->
  <testcase classname="test.TC008_UIUXTesting" name="verify_ui" time="0.0">
    <ignored/>
  </testcase> <!-- verify_ui -->
  <testcase classname="test.TC008_UIUXTesting" name="verify_x" time="0.0">
    <ignored/>
  </testcase> <!-- verify_x -->
  <testcase classname="test.TC005_CategoryProducttest" name="verify_mobile" time="0.0">
    <ignored/>
  </testcase> <!-- verify_mobile -->
</testsuite> <!-- Test(failed) -->
